Found 146 JSON files to translate in /Users/sergiogalan/proyectos/farclimate/farclimate_data_pipelines/pipeline/augmented

Translating page_0_en_augmented.json to it...
Wrote translation file: pipeline/augmented/page_0_en_augmented_it.json

Translating page_100_en_augmented.json to it...
Translating field 'fulltext' to it...
Translating recipe ingredients to it...
Recipe structured translation failed or empty; falling back to per-section translation.
Translating field 'recipe_who_is_involved' to it...
Translating field 'recipe_economic_data' to it...
Translating field 'recipe_context_summary' to it...
Translating field 'recipe_challenges' to it...
Translating field 'recipe_policy_context' to it...
Translating field 'recipe_legal_aspects' to it...
Translating field 'recipe_objectives' to it...
Translating field 'recipe_solutions_implemented' to it...
Translating field 'recipe_implementation_phases' to it...
Translating field 'recipe_success_and_limiting' to it...
Translating field 'recipe_benefits' to it...
Translating field 'recipe_lessons_learnt' to it...
Translating field 'recipe_transferability' to it...
Wrote translation file: pipeline/augmented/page_100_en_augmented_it.json

Translating page_101_en_augmented.json to it...
Translating field 'title' to it...
Translating field 'subtitle' to it...
Translating field 'summary' to it...
Translating field 'fulltext' to it...
Translating recipe ingredients to it...
Wrote translation file: pipeline/augmented/page_101_en_augmented_it.json

Translating page_102_en_augmented.json to it...
Translating field 'title' to it...
Translating field 'subtitle' to it...
Translating field 'summary' to it...
Translating field 'fulltext' to it...
Translating recipe ingredients to it...
Recipe structured translation failed or empty; falling back to per-section translation.
Translating field 'recipe_who_is_involved' to it...
Translating field 'recipe_economic_data' to it...
Translating field 'recipe_context_summary' to it...
Translating field 'recipe_challenges' to it...
Translating field 'recipe_policy_context' to it...
Translating field 'recipe_legal_aspects' to it...
Translating field 'recipe_objectives' to it...
Translating field 'recipe_solutions_implemented' to it...
Translating field 'recipe_implementation_phases' to it...
Translating field 'recipe_success_and_limiting' to it...
Translating field 'recipe_benefits' to it...
Translating field 'recipe_lessons_learnt' to it...
Wrote translation file: pipeline/augmented/page_102_en_augmented_it.json

Translating page_103_en_augmented.json to it...
Translating field 'title' to it...
Translating field 'subtitle' to it...
Translating field 'summary' to it...
Translating field 'fulltext' to it...
Translating recipe ingredients to it...
Recipe structured translation failed or empty; falling back to per-section translation.
Translating field 'recipe_who_is_involved' to it...
Translating field 'recipe_economic_data' to it...
Translating field 'recipe_context_summary' to it...
Translating field 'recipe_challenges' to it...
Translating field 'recipe_policy_context' to it...
Translating field 'recipe_legal_aspects' to it...
Translating field 'recipe_objectives' to it...
Translating field 'recipe_solutions_implemented' to it...
Translating field 'recipe_implementation_phases' to it...
Translating field 'recipe_success_and_limiting' to it...
Translating field 'recipe_benefits' to it...
Translating field 'recipe_lessons_learnt' to it...
Translating field 'recipe_transferability' to it...
Wrote translation file: pipeline/augmented/page_103_en_augmented_it.json

Translating page_104_en_augmented.json to it...
Translating field 'title' to it...
Translating field 'subtitle' to it...
Translating field 'summary' to it...
Translating field 'fulltext' to it...
Translating recipe ingredients to it...
Wrote translation file: pipeline/augmented/page_104_en_augmented_it.json

Translating page_105_en_augmented.json to it...
Translating field 'title' to it...
Translating field 'subtitle' to it...
Translating field 'summary' to it...
Translating field 'fulltext' to it...
Translating recipe ingredients to it...
Recipe structured translation failed or empty; falling back to per-section translation.
Translating field 'recipe_who_is_involved' to it...
Translating field 'recipe_economic_data' to it...
Translating field 'recipe_context_summary' to it...
Translating field 'recipe_challenges' to it...
Translating field 'recipe_policy_context' to it...
Translating field 'recipe_legal_aspects' to it...
Translating field 'recipe_objectives' to it...
Translating field 'recipe_solutions_implemented' to it...
Translating field 'recipe_implementation_phases' to it...
Translating field 'recipe_success_and_limiting' to it...
Translating field 'recipe_benefits' to it...
Translating field 'recipe_lessons_learnt' to it...
Translating field 'recipe_transferability' to it...
Wrote translation file: pipeline/augmented/page_105_en_augmented_it.json

Translating page_106_en_augmented.json to it...
Translating field 'title' to it...
Translating field 'subtitle' to it...
Translating field 'summary' to it...
Translating field 'fulltext' to it...
Translating recipe ingredients to it...
Recipe structured translation failed or empty; falling back to per-section translation.
Translating field 'recipe_who_is_involved' to it...
Translating field 'recipe_economic_data' to it...
Translating field 'recipe_context_summary' to it...
Translating field 'recipe_challenges' to it...
Translating field 'recipe_policy_context' to it...
Translating field 'recipe_legal_aspects' to it...
Translating field 'recipe_objectives' to it...
Translating field 'recipe_solutions_implemented' to it...
Translating field 'recipe_implementation_phases' to it...
Translating field 'recipe_success_and_limiting' to it...
Translating field 'recipe_benefits' to it...
Translating field 'recipe_lessons_learnt' to it...
Wrote translation file: pipeline/augmented/page_106_en_augmented_it.json

Translating page_107_en_augmented.json to it...
Translating field 'title' to it...
Translating field 'subtitle' to it...
Translating field 'summary' to it...
Translating field 'fulltext' to it...
Translating recipe ingredients to it...
Wrote translation file: pipeline/augmented/page_107_en_augmented_it.json

Translating page_108_en_augmented.json to it...
Translating field 'title' to it...
Translating field 'subtitle' to it...
Translating field 'summary' to it...
Translating field 'fulltext' to it...
Translating recipe ingredients to it...
Recipe structured translation failed or empty; falling back to per-section translation.
Translating field 'recipe_who_is_involved' to it...
Translating field 'recipe_economic_data' to it...
Translating field 'recipe_context_summary' to it...
Translating field 'recipe_challenges' to it...
Translating field 'recipe_policy_context' to it...
Translating field 'recipe_legal_aspects' to it...
Translating field 'recipe_objectives' to it...
Translating field 'recipe_solutions_implemented' to it...
Translating field 'recipe_implementation_phases' to it...
Translating field 'recipe_success_and_limiting' to it...
Translating field 'recipe_benefits' to it...
Translating field 'recipe_lessons_learnt' to it...
Translating field 'recipe_transferability' to it...
Wrote translation file: pipeline/augmented/page_108_en_augmented_it.json

Translating page_109_en_augmented.json to it...
Translating field 'title' to it...
Translating field 'subtitle' to it...
Translating field 'summary' to it...
Translating field 'fulltext' to it...
Translating recipe ingredients to it...
Recipe structured translation failed or empty; falling back to per-section translation.
Translating field 'recipe_who_is_involved' to it...
Translating field 'recipe_economic_data' to it...
Translating field 'recipe_context_summary' to it...
Translating field 'recipe_challenges' to it...
Translating field 'recipe_policy_context' to it...
Translating field 'recipe_legal_aspects' to it...
Translating field 'recipe_objectives' to it...
Translating field 'recipe_solutions_implemented' to it...
Translating field 'recipe_implementation_phases' to it...
Translating field 'recipe_success_and_limiting' to it...
Translating field 'recipe_benefits' to it...
Wrote translation file: pipeline/augmented/page_109_en_augmented_it.json

Translating page_10_en_augmented.json to it...
Translating field 'title' to it...
Translating field 'subtitle' to it...
Translating field 'summary' to it...
Translating field 'fulltext' to it...
Translating recipe ingredients to it...
Recipe structured translation failed or empty; falling back to per-section translation.
Translating field 'recipe_who_is_involved' to it...
Translating field 'recipe_economic_data' to it...
Translating field 'recipe_context_summary' to it...
Translating field 'recipe_challenges' to it...
Translating field 'recipe_policy_context' to it...
Translating field 'recipe_legal_aspects' to it...
Translating field 'recipe_objectives' to it...
Translating field 'recipe_solutions_implemented' to it...
Translating field 'recipe_implementation_phases' to it...
Translating field 'recipe_success_and_limiting' to it...
Translating field 'recipe_benefits' to it...
Translating field 'recipe_lessons_learnt' to it...
Translating field 'recipe_transferability' to it...
Wrote translation file: pipeline/augmented/page_10_en_augmented_it.json

Translating page_110_en_augmented.json to it...
Translating field 'title' to it...
Translating field 'subtitle' to it...
Translating field 'summary' to it...
Translating field 'fulltext' to it...
Translating recipe ingredients to it...
Recipe structured translation failed or empty; falling back to per-section translation.
Translating field 'recipe_who_is_involved' to it...
Translating field 'recipe_economic_data' to it...
Translating field 'recipe_context_summary' to it...
Translating field 'recipe_challenges' to it...
Translating field 'recipe_policy_context' to it...
Translating field 'recipe_legal_aspects' to it...
Translating field 'recipe_objectives' to it...
Translating field 'recipe_solutions_implemented' to it...
Translating field 'recipe_implementation_phases' to it...
Translating field 'recipe_success_and_limiting' to it...
Translating field 'recipe_benefits' to it...
Translating field 'recipe_lessons_learnt' to it...
Translating field 'recipe_transferability' to it...
Wrote translation file: pipeline/augmented/page_110_en_augmented_it.json

Translating page_111_en_augmented.json to it...
Translating field 'title' to it...
Translating field 'subtitle' to it...
Translating field 'summary' to it...
Translating field 'fulltext' to it...
Translating recipe ingredients to it...
Recipe structured translation failed or empty; falling back to per-section translation.
Translating field 'recipe_who_is_involved' to it...
Translating field 'recipe_economic_data' to it...
Translating field 'recipe_context_summary' to it...
Translating field 'recipe_challenges' to it...
Translating field 'recipe_policy_context' to it...
Translating field 'recipe_legal_aspects' to it...
Translating field 'recipe_objectives' to it...
Translating field 'recipe_solutions_implemented' to it...
Translating field 'recipe_implementation_phases' to it...
Translating field 'recipe_success_and_limiting' to it...
Translating field 'recipe_benefits' to it...
Translating field 'recipe_lessons_learnt' to it...
Translating field 'recipe_transferability' to it...
Wrote translation file: pipeline/augmented/page_111_en_augmented_it.json

Translating page_112_en_augmented.json to it...
Translating field 'title' to it...
Translating field 'subtitle' to it...
Translating field 'summary' to it...
Translating field 'fulltext' to it...
Translating recipe ingredients to it...
Wrote translation file: pipeline/augmented/page_112_en_augmented_it.json

Translating page_113_en_augmented.json to it...
Translating field 'title' to it...
Translating field 'subtitle' to it...
Translating field 'summary' to it...
Translating field 'fulltext' to it...
Translating recipe ingredients to it...
Recipe structured translation failed or empty; falling back to per-section translation.
Translating field 'recipe_who_is_involved' to it...
Translating field 'recipe_economic_data' to it...
Translating field 'recipe_context_summary' to it...
Translating field 'recipe_challenges' to it...
Translating field 'recipe_policy_context' to it...
Translating field 'recipe_legal_aspects' to it...
Translating field 'recipe_objectives' to it...
Translating field 'recipe_solutions_implemented' to it...
Translating field 'recipe_implementation_phases' to it...
Translating field 'recipe_success_and_limiting' to it...
Translating field 'recipe_benefits' to it...
Translating field 'recipe_lessons_learnt' to it...
Translating field 'recipe_transferability' to it...
Wrote translation file: pipeline/augmented/page_113_en_augmented_it.json

Translating page_114_en_augmented.json to it...
Translating field 'title' to it...
Translating field 'subtitle' to it...
Translating field 'summary' to it...
Translating field 'fulltext' to it...
Translating recipe ingredients to it...
Recipe structured translation failed or empty; falling back to per-section translation.
Translating field 'recipe_who_is_involved' to it...
Translating field 'recipe_economic_data' to it...
Translating field 'recipe_context_summary' to it...
Translating field 'recipe_challenges' to it...
Translating field 'recipe_policy_context' to it...
Translating field 'recipe_legal_aspects' to it...
Translating field 'recipe_objectives' to it...
Translating field 'recipe_solutions_implemented' to it...
Translating field 'recipe_implementation_phases' to it...
Translating field 'recipe_success_and_limiting' to it...
Translating field 'recipe_benefits' to it...
Wrote translation file: pipeline/augmented/page_114_en_augmented_it.json

Translating page_115_en_augmented.json to it...
Translating field 'title' to it...
Translating field 'subtitle' to it...
Translating field 'summary' to it...
Translating field 'fulltext' to it...
Translating recipe ingredients to it...
Recipe structured translation failed or empty; falling back to per-section translation.
Translating field 'recipe_who_is_involved' to it...
Translating field 'recipe_economic_data' to it...
Translating field 'recipe_context_summary' to it...
Translating field 'recipe_challenges' to it...
Translating field 'recipe_policy_context' to it...
Translating field 'recipe_legal_aspects' to it...
Translating field 'recipe_objectives' to it...
Translating field 'recipe_solutions_implemented' to it...
Translating field 'recipe_implementation_phases' to it...
Translating field 'recipe_success_and_limiting' to it...
Translating field 'recipe_benefits' to it...
Translating field 'recipe_lessons_learnt' to it...
Translating field 'recipe_transferability' to it...
Wrote translation file: pipeline/augmented/page_115_en_augmented_it.json

Translating page_116_en_augmented.json to it...
Translating field 'title' to it...
Translating field 'subtitle' to it...
Translating field 'summary' to it...
Translating field 'fulltext' to it...
Translating recipe ingredients to it...
Wrote translation file: pipeline/augmented/page_116_en_augmented_it.json

Translating page_117_en_augmented.json to it...
Translating field 'title' to it...
Translating field 'subtitle' to it...
Translating field 'summary' to it...
Translating field 'fulltext' to it...
Translating recipe ingredients to it...
Wrote translation file: pipeline/augmented/page_117_en_augmented_it.json

Translating page_118_en_augmented.json to it...
Translating field 'title' to it...
